<?xml version="1.0" encoding="UTF-8"?>
<testsuite name="Cucumber" time="7.7" tests="1" skipped="0" failures="0" errors="0">
<testcase classname="Feature to test login functionality" name="check login succesful with valid credentials" time="7.533">
<system-out><![CDATA[
Given User is on login page.................................................passed
When user enters username and password......................................passed
And Clicks on Login button..................................................passed
Then user navigated to home page............................................passed
]]></system-out>
</testcase>
</testsuite>
